<?xml version="1.0" encoding="UTF-8"?>
<!-- Generated by org.testng.reporters.JUnitReportReporter -->
<testsuite skipped="0" hostname="DESKTOP-5GI3OCP" name="com.qa.crm.testes.HomeTest" tests="1" failures="0" timestamp="29 Apr 2021 00:52:12 GMT" time="9.352" errors="0">
  <testcase name="validateUpgradeLinkTest" time="9.352" classname="com.qa.crm.testes.HomeTest"/>
</testsuite> <!-- com.qa.crm.testes.HomeTest -->
