<?xml version="1.0" encoding="UTF-8"?>
<!-- Generated by org.testng.reporters.JUnitReportReporter -->
<testsuite skipped="0" hostname="DESKTOP-5GI3OCP" name="com.qa.crm.testes.ContactTest" tests="4" failures="0" timestamp="05 May 2021 19:42:42 GMT" time="72.966" errors="0">
  <testcase name="validateSingleUserTest" time="15.467" classname="com.qa.crm.testes.ContactTest"/>
  <testcase name="validateContactLogoTest" time="12.957" classname="com.qa.crm.testes.ContactTest"/>
  <testcase name="validateMultipleUserTest" time="13.031" classname="com.qa.crm.testes.ContactTest"/>
  <testcase name="validateNewContactTest" time="31.511" classname="com.qa.crm.testes.ContactTest"/>
</testsuite> <!-- com.qa.crm.testes.ContactTest -->
