<?xml version="1.0" encoding="UTF-8"?>
<!-- Generated by org.testng.reporters.JUnitReportReporter -->
<testsuite skipped="0" hostname="DESKTOP-5GI3OCP" name="com.qa.crm.testes.LoginTest" tests="1" failures="0" timestamp="05 May 2021 19:42:42 GMT" time="6.145" errors="0">
  <testcase name="validateTitleTest" time="6.145" classname="com.qa.crm.testes.LoginTest"/>
</testsuite> <!-- com.qa.crm.testes.LoginTest -->
